Started GET "/" for 127.0.0.1 at 2020-07-12 15:27:43 -0400
Processing by Rails::WelcomeController#index as HTML
  Rendering /usr/share/rubygems-integration/all/gems/railties-5.2.3/lib/rails/templates/rails/welcome/index.html.erb
  Rendered /usr/share/rubygems-integration/all/gems/railties-5.2.3/lib/rails/templates/rails/welcome/index.html.erb (19.0ms)
Completed 200 OK in 77ms (Views: 53.8ms | ActiveRecord: 0.0ms)


  [1m[35m (0.2ms)[0m  [1m[34mSELECT sqlite_version(*)[0m
  ↳ /usr/lib/ruby/vendor_ruby/bootsnap/load_path_cache/core_ext/kernel_require.rb:23
  [1m[35m (44.5ms)[0m  [1m[35mCREATE TABLE "schema_migrations" ("version" varchar NOT NULL PRIMARY KEY)[0m
  ↳ /usr/lib/ruby/vendor_ruby/bootsnap/load_path_cache/core_ext/kernel_require.rb:23
  [1m[35m (5.1ms)[0m  [1m[35mCREATE TABLE "ar_internal_metadata" ("key" varchar NOT NULL PRIMARY KEY, "value" varchar, "created_at" datetime NOT NULL, "updated_at" datetime NOT NULL)[0m
  ↳ /usr/lib/ruby/vendor_ruby/bootsnap/load_path_cache/core_ext/kernel_require.rb:23
  [1m[36mActiveRecord::InternalMetadata Load (0.2ms)[0m  [1m[34mSELECT  "ar_internal_metadata".* FROM "ar_internal_metadata" WHERE "ar_internal_metadata"."key" = ? LIMIT ?[0m  [["key", "environment"], ["LIMIT", 1]]
  ↳ /usr/lib/ruby/vendor_ruby/bootsnap/load_path_cache/core_ext/kernel_require.rb:23
  [1m[35m (0.1ms)[0m  [1m[36mbegin transaction[0m
  ↳ /usr/lib/ruby/vendor_ruby/bootsnap/load_path_cache/core_ext/kernel_require.rb:23
  [1m[36mActiveRecord::InternalMetadata Create (0.2ms)[0m  [1m[32mINSERT INTO "ar_internal_metadata" ("key", "value", "created_at", "updated_at") VALUES (?, ?, ?, ?)[0m  [["key", "environment"], ["value", "development"], ["created_at", "2020-07-12 19:28:48.036936"], ["updated_at", "2020-07-12 19:28:48.036936"]]
  ↳ /usr/lib/ruby/vendor_ruby/bootsnap/load_path_cache/core_ext/kernel_require.rb:23
  [1m[35m (17.1ms)[0m  [1m[36mcommit transaction[0m
  ↳ /usr/lib/ruby/vendor_ruby/bootsnap/load_path_cache/core_ext/kernel_require.rb:23
  [1m[35m (0.1ms)[0m  [1m[34mSELECT "schema_migrations"."version" FROM "schema_migrations" ORDER BY "schema_migrations"."version" ASC[0m
  ↳ /usr/lib/ruby/vendor_ruby/bootsnap/load_path_cache/core_ext/kernel_require.rb:23
Started GET "/" for 127.0.0.1 at 2020-07-12 15:29:26 -0400
Processing by Rails::WelcomeController#index as HTML
  Rendering /usr/share/rubygems-integration/all/gems/railties-5.2.3/lib/rails/templates/rails/welcome/index.html.erb
  Rendered /usr/share/rubygems-integration/all/gems/railties-5.2.3/lib/rails/templates/rails/welcome/index.html.erb (9.6ms)
Completed 200 OK in 50ms (Views: 27.6ms | ActiveRecord: 0.0ms)


Started GET "/" for 127.0.0.1 at 2020-07-12 15:31:26 -0400
Processing by Rails::WelcomeController#index as HTML
  Rendering /usr/share/rubygems-integration/all/gems/railties-5.2.3/lib/rails/templates/rails/welcome/index.html.erb
  Rendered /usr/share/rubygems-integration/all/gems/railties-5.2.3/lib/rails/templates/rails/welcome/index.html.erb (2.7ms)
Completed 200 OK in 52ms (Views: 25.9ms | ActiveRecord: 0.0ms)


